<?xml version="1.0" encoding="UTF-8"?>
<!-- Generated by org.testng.reporters.JUnitXMLReporter -->
<testsuite hostname="DELL-PC" ignored="0" name="Test" tests="18" failures="10" timestamp="25 Nov 2020 15:49:51 GMT" time="1068.741" errors="0">
  <testcase name="travelInsuranceTestCase" time="57.976" classname="testClass.RegressionTest"/>
  <testcase name="travelInsuranceTestCase" time="29.948" classname="testClass.RegressionTest">
    <failure type="java.lang.AssertionError" message="Please enter age of travellers">
      <![CDATA[java.lang.AssertionError: Please enter age of travellers
	at BaseClass.pageBaseClass.testCaseFail(pageBaseClass.java:100)
	at pageClass.travelFillDetails.fillDetails(travelFillDetails.java:78)
	at testClass.RegressionTest.travelInsuranceTestCase(RegressionTest.java:54)
... Removed 26 stack frames]]>
    </failure>
  </testcase> <!-- travelInsuranceTestCase -->
  <testcase name="travelInsuranceTestCase" time="31.558" classname="testClass.RegressionTest">
    <failure type="java.lang.AssertionError" message="This is required.">
      <![CDATA[java.lang.AssertionError: This is required.
	at BaseClass.pageBaseClass.testCaseFail(pageBaseClass.java:100)
	at pageClass.TravellerPersonalDetails.personalDetails(TravellerPersonalDetails.java:54)
	at testClass.RegressionTest.travelInsuranceTestCase(RegressionTest.java:59)
... Removed 26 stack frames]]>
    </failure>
  </testcase> <!-- travelInsuranceTestCase -->
  <testcase name="travelInsuranceTestCase" time="32.875" classname="testClass.RegressionTest">
    <failure type="java.lang.AssertionError" message="This is required.">
      <![CDATA[java.lang.AssertionError: This is required.
	at BaseClass.pageBaseClass.testCaseFail(pageBaseClass.java:100)
	at pageClass.TravellerPersonalDetails.personalDetails(TravellerPersonalDetails.java:58)
	at testClass.RegressionTest.travelInsuranceTestCase(RegressionTest.java:59)
... Removed 26 stack frames]]>
    </failure>
  </testcase> <!-- travelInsuranceTestCase -->
  <testcase name="travelInsuranceTestCase" time="99.67" classname="testClass.RegressionTest">
    <failure type="java.lang.AssertionError" message="no such element: Unable to locate element: {&amp;quot;method&amp;quot;:&amp;quot;css selector&amp;quot;,&amp;quot;selector&amp;quot;:&amp;quot;*[name=&amp;apos;SI&amp;apos;]&amp;quot;}
  (Session info: chrome=87.0.4280.66)
For documentation on this error, please visit: https://www.seleniumhq.org/exceptions/no_such_element.html
Build info: version: &amp;apos;3.141.59&amp;apos;, revision: &amp;apos;e82be7d358&amp;apos;, time: &amp;apos;2018-11-14T08:17:03&amp;apos;
System info: host: &amp;apos;DELL-PC&amp;apos;, ip: &amp;apos;192.168.0.102&amp;apos;, os.name: &amp;apos;Windows 7&amp;apos;, os.arch: &amp;apos;amd64&amp;apos;, os.version: &amp;apos;6.1&amp;apos;, java.version: &amp;apos;1.8.0_261&amp;apos;
Driver info: org.openqa.selenium.chrome.ChromeDriver
Capabilities {acceptInsecureCerts: false, browserName: chrome, browserVersion: 87.0.4280.66, chrome: {chromedriverVersion: 87.0.4280.20 (c99e81631faa0..., userDataDir: C:\Users\DELL\AppData\Local...}, goog:chromeOptions: {debuggerAddress: localhost:63399}, javascriptEnabled: true, networkConnectionEnabled: false, pageLoadStrategy: normal, platform: WINDOWS, platformName: WINDOWS, proxy: Proxy(), setWindowRect: true, strictFileInteractability: false, timeouts: {implicit: 0, pageLoad: 300000, script: 30000}, unhandledPromptBehavior: dismiss and notify, webauthn:virtualAuthenticators: true}
Session ID: d39d2210b2f252ea697d88171d0c5505
*** Element info: {Using=name, value=SI}">
      <![CDATA[java.lang.AssertionError: no such element: Unable to locate element: {"method":"css selector","selector":"*[name='SI']"}
  (Session info: chrome=87.0.4280.66)
For documentation on this error, please visit: https://www.seleniumhq.org/exceptions/no_such_element.html
Build info: version: '3.141.59', revision: 'e82be7d358', time: '2018-11-14T08:17:03'
System info: host: 'DELL-PC', ip: '192.168.0.102', os.name: 'Windows 7', os.arch: 'amd64', os.version: '6.1', java.version: '1.8.0_261'
Driver info: org.openqa.selenium.chrome.ChromeDriver
Capabilities {acceptInsecureCerts: false, browserName: chrome, browserVersion: 87.0.4280.66, chrome: {chromedriverVersion: 87.0.4280.20 (c99e81631faa0..., userDataDir: C:\Users\DELL\AppData\Local...}, goog:chromeOptions: {debuggerAddress: localhost:63399}, javascriptEnabled: true, networkConnectionEnabled: false, pageLoadStrategy: normal, platform: WINDOWS, platformName: WINDOWS, proxy: Proxy(), setWindowRect: true, strictFileInteractability: false, timeouts: {implicit: 0, pageLoad: 300000, script: 30000}, unhandledPromptBehavior: dismiss and notify, webauthn:virtualAuthenticators: true}
Session ID: d39d2210b2f252ea697d88171d0c5505
*** Element info: {Using=name, value=SI}
	at BaseClass.pageBaseClass.testCaseFail(pageBaseClass.java:100)
	at pageClass.travelInsurance.clickPriceDropDown(travelInsurance.java:45)
	at testClass.RegressionTest.travelInsuranceTestCase(RegressionTest.java:61)
... Removed 26 stack frames]]>
    </failure>
  </testcase> <!-- travelInsuranceTestCase -->
  <testcase name="travelInsuranceTestCase" time="107.56" classname="testClass.RegressionTest">
    <failure type="org.openqa.selenium.NoSuchElementException" message="no such element: Unable to locate element: {&amp;quot;method&amp;quot;:&amp;quot;xpath&amp;quot;,&amp;quot;selector&amp;quot;:&amp;quot;//*[@id=&amp;quot;email&amp;quot;]&amp;quot;}
  (Session info: chrome=87.0.4280.66)
For documentation on this error, please visit: https://www.seleniumhq.org/exceptions/no_such_element.html
Build info: version: &amp;apos;3.141.59&amp;apos;, revision: &amp;apos;e82be7d358&amp;apos;, time: &amp;apos;2018-11-14T08:17:03&amp;apos;
System info: host: &amp;apos;DELL-PC&amp;apos;, ip: &amp;apos;192.168.0.102&amp;apos;, os.name: &amp;apos;Windows 7&amp;apos;, os.arch: &amp;apos;amd64&amp;apos;, os.version: &amp;apos;6.1&amp;apos;, java.version: &amp;apos;1.8.0_261&amp;apos;
Driver info: org.openqa.selenium.chrome.ChromeDriver
Capabilities {acceptInsecureCerts: false, browserName: chrome, browserVersion: 87.0.4280.66, chrome: {chromedriverVersion: 87.0.4280.20 (c99e81631faa0..., userDataDir: C:\Users\DELL\AppData\Local...}, goog:chromeOptions: {debuggerAddress: localhost:63445}, javascriptEnabled: true, networkConnectionEnabled: false, pageLoadStrategy: normal, platform: WINDOWS, platformName: WINDOWS, proxy: Proxy(), setWindowRect: true, strictFileInteractability: false, timeouts: {implicit: 0, pageLoad: 300000, script: 30000}, unhandledPromptBehavior: dismiss and notify, webauthn:virtualAuthenticators: true}
Session ID: fab01eed974cdd16390e818cf4a4ce6a
*** Element info: {Using=xpath, value=//*[@id=&amp;quot;email&amp;quot;]}">
      <![CDATA[org.openqa.selenium.NoSuchElementException: no such element: Unable to locate element: {"method":"xpath","selector":"//*[@id="email"]"}
  (Session info: chrome=87.0.4280.66)
For documentation on this error, please visit: https://www.seleniumhq.org/exceptions/no_such_element.html
Build info: version: '3.141.59', revision: 'e82be7d358', time: '2018-11-14T08:17:03'
System info: host: 'DELL-PC', ip: '192.168.0.102', os.name: 'Windows 7', os.arch: 'amd64', os.version: '6.1', java.version: '1.8.0_261'
Driver info: org.openqa.selenium.chrome.ChromeDriver
Capabilities {acceptInsecureCerts: false, browserName: chrome, browserVersion: 87.0.4280.66, chrome: {chromedriverVersion: 87.0.4280.20 (c99e81631faa0..., userDataDir: C:\Users\DELL\AppData\Local...}, goog:chromeOptions: {debuggerAddress: localhost:63445}, javascriptEnabled: true, networkConnectionEnabled: false, pageLoadStrategy: normal, platform: WINDOWS, platformName: WINDOWS, proxy: Proxy(), setWindowRect: true, strictFileInteractability: false, timeouts: {implicit: 0, pageLoad: 300000, script: 30000}, unhandledPromptBehavior: dismiss and notify, webauthn:virtualAuthenticators: true}
Session ID: fab01eed974cdd16390e818cf4a4ce6a
*** Element info: {Using=xpath, value=//*[@id="email"]}
	at org.openqa.selenium.remote.http.W3CHttpResponseCodec.createException(W3CHttpResponseCodec.java:187)
	at org.openqa.selenium.remote.http.W3CHttpResponseCodec.decode(W3CHttpResponseCodec.java:122)
	at org.openqa.selenium.remote.http.W3CHttpResponseCodec.decode(W3CHttpResponseCodec.java:49)
	at org.openqa.selenium.remote.HttpCommandExecutor.execute(HttpCommandExecutor.java:158)
	at org.openqa.selenium.remote.service.DriverCommandExecutor.execute(DriverCommandExecutor.java:83)
	at org.openqa.selenium.remote.RemoteWebDriver.execute(RemoteWebDriver.java:552)
	at org.openqa.selenium.remote.RemoteWebDriver.findElement(RemoteWebDriver.java:323)
	at org.openqa.selenium.remote.RemoteWebDriver.findElementByXPath(RemoteWebDriver.java:428)
	at org.openqa.selenium.By$ByXPath.findElement(By.java:353)
	at org.openqa.selenium.remote.RemoteWebDriver.findElement(RemoteWebDriver.java:315)
	at pageClass.TravellerPersonalDetails.personalDetails(TravellerPersonalDetails.java:61)
	at testClass.RegressionTest.travelInsuranceTestCase(RegressionTest.java:59)
... Removed 29 stack frames]]>
    </failure>
  </testcase> <!-- travelInsuranceTestCase -->
  <testcase name="travelInsuranceTestCase" time="46.177" classname="testClass.RegressionTest">
    <failure type="java.lang.AssertionError" message="Country field is empty">
      <![CDATA[java.lang.AssertionError: Country field is empty
	at BaseClass.pageBaseClass.testCaseFail(pageBaseClass.java:100)
	at pageClass.travelFillDetails.fillDetails(travelFillDetails.java:81)
	at testClass.RegressionTest.travelInsuranceTestCase(RegressionTest.java:54)
... Removed 26 stack frames]]>
    </failure>
  </testcase> <!-- travelInsuranceTestCase -->
  <testcase name="carInsuranceTestCase" time="0.002" classname="utilities.test_DataProvider"/>
  <testcase name="carInsuranceTestCase" time="0.001" classname="utilities.test_DataProvider"/>
  <testcase name="carInsuranceTestCase" time="0.002" classname="utilities.test_DataProvider"/>
  <testcase name="carInsuranceTestCase" time="0.001" classname="utilities.test_DataProvider"/>
  <testcase name="HealthInsuranceTestCase" time="30.094" classname="testClass.SmoketTest"/>
  <testcase name="Navigation" time="85.444" classname="testClass.SmoketTest"/>
  <testcase name="checkIconAndMenuItem" time="78.163" classname="testClass.SmoketTest">
    <failure type="java.lang.AssertionError" message="javascript error: Failed to execute &amp;apos;elementsFromPoint&amp;apos; on &amp;apos;Document&amp;apos;: The provided double value is non-finite.
  (Session info: chrome=87.0.4280.66)
Build info: version: &amp;apos;3.141.59&amp;apos;, revision: &amp;apos;e82be7d358&amp;apos;, time: &amp;apos;2018-11-14T08:17:03&amp;apos;
System info: host: &amp;apos;DELL-PC&amp;apos;, ip: &amp;apos;192.168.0.102&amp;apos;, os.name: &amp;apos;Windows 7&amp;apos;, os.arch: &amp;apos;amd64&amp;apos;, os.version: &amp;apos;6.1&amp;apos;, java.version: &amp;apos;1.8.0_261&amp;apos;
Driver info: org.openqa.selenium.chrome.ChromeDriver
Capabilities {acceptInsecureCerts: false, browserName: chrome, browserVersion: 87.0.4280.66, chrome: {chromedriverVersion: 87.0.4280.20 (c99e81631faa0..., userDataDir: C:\Users\DELL\AppData\Local...}, goog:chromeOptions: {debuggerAddress: localhost:63695}, javascriptEnabled: true, networkConnectionEnabled: false, pageLoadStrategy: normal, platform: WINDOWS, platformName: WINDOWS, proxy: Proxy(), setWindowRect: true, strictFileInteractability: false, timeouts: {implicit: 0, pageLoad: 300000, script: 30000}, unhandledPromptBehavior: dismiss and notify, webauthn:virtualAuthenticators: true}
Session ID: 309bc7e2933f2a43c62b8ffa88a15478">
      <![CDATA[java.lang.AssertionError: javascript error: Failed to execute 'elementsFromPoint' on 'Document': The provided double value is non-finite.
  (Session info: chrome=87.0.4280.66)
Build info: version: '3.141.59', revision: 'e82be7d358', time: '2018-11-14T08:17:03'
System info: host: 'DELL-PC', ip: '192.168.0.102', os.name: 'Windows 7', os.arch: 'amd64', os.version: '6.1', java.version: '1.8.0_261'
Driver info: org.openqa.selenium.chrome.ChromeDriver
Capabilities {acceptInsecureCerts: false, browserName: chrome, browserVersion: 87.0.4280.66, chrome: {chromedriverVersion: 87.0.4280.20 (c99e81631faa0..., userDataDir: C:\Users\DELL\AppData\Local...}, goog:chromeOptions: {debuggerAddress: localhost:63695}, javascriptEnabled: true, networkConnectionEnabled: false, pageLoadStrategy: normal, platform: WINDOWS, platformName: WINDOWS, proxy: Proxy(), setWindowRect: true, strictFileInteractability: false, timeouts: {implicit: 0, pageLoad: 300000, script: 30000}, unhandledPromptBehavior: dismiss and notify, webauthn:virtualAuthenticators: true}
Session ID: 309bc7e2933f2a43c62b8ffa88a15478
	at BaseClass.pageBaseClass.testCaseFail(pageBaseClass.java:100)
	at pageClass.landingPage.getCarInsurance(landingPage.java:137)
	at testClass.SmoketTest.checkIconAndMenuItem(SmoketTest.java:89)
... Removed 26 stack frames]]>
    </failure>
  </testcase> <!-- checkIconAndMenuItem -->
  <testcase name="CarInsuranceTestCase" time="145.206" classname="testClass.RegressionTest"/>
  <testcase name="CarInsuranceTestCase" time="76.944" classname="testClass.RegressionTest">
    <failure type="java.lang.AssertionError">
      <![CDATA[java.lang.AssertionError: 
	at BaseClass.pageBaseClass.testCaseFail(pageBaseClass.java:100)
	at pageClass.fillCarInsuranceForm.fillForm(fillCarInsuranceForm.java:109)
	at testClass.RegressionTest.CarInsuranceTestCase(RegressionTest.java:88)
... Removed 26 stack frames]]>
    </failure>
  </testcase> <!-- CarInsuranceTestCase -->
  <testcase name="CarInsuranceTestCase" time="68.902" classname="testClass.RegressionTest">
    <failure type="java.lang.AssertionError" message="Please enter your full name.">
      <![CDATA[java.lang.AssertionError: Please enter your full name.
	at BaseClass.pageBaseClass.testCaseFail(pageBaseClass.java:100)
	at pageClass.fillCarInsuranceForm.fillForm(fillCarInsuranceForm.java:105)
	at testClass.RegressionTest.CarInsuranceTestCase(RegressionTest.java:88)
... Removed 26 stack frames]]>
    </failure>
  </testcase> <!-- CarInsuranceTestCase -->
  <testcase name="CarInsuranceTestCase" time="83.633" classname="testClass.RegressionTest">
    <failure type="java.lang.AssertionError" message="Please enter a valid e-mail ID.">
      <![CDATA[java.lang.AssertionError: Please enter a valid e-mail ID.
	at BaseClass.pageBaseClass.testCaseFail(pageBaseClass.java:100)
	at pageClass.fillCarInsuranceForm.fillForm(fillCarInsuranceForm.java:113)
	at testClass.RegressionTest.CarInsuranceTestCase(RegressionTest.java:88)
... Removed 26 stack frames]]>
    </failure>
  </testcase> <!-- CarInsuranceTestCase -->
</testsuite> <!-- Test -->
